<?xml version="1.0" encoding="UTF-8"?>
<testng-results ignored="0" total="1" passed="1" failed="0" skipped="0">
  <reporter-output>
  </reporter-output>
  <suite started-at="2023-03-02T14:34:25 IST" name="Default suite" finished-at="2023-03-02T14:34:26 IST" duration-ms="971">
    <groups>
    </groups>
    <test started-at="2023-03-02T14:34:25 IST" name="Default test" finished-at="2023-03-02T14:34:26 IST" duration-ms="971">
      <class name="EndToEndScenario.sample">
        <test-method is-config="true" signature="bsConfig()[pri:0, instance:EndToEndScenario.sample@506ae4d4]" started-at="2023-03-02T14:34:14 IST" name="bsConfig" finished-at="2023-03-02T14:34:25 IST" duration-ms="11103" status="PASS">
          <reporter-output>
          </reporter-output>
        </test-method> <!-- bsConfig -->
        <test-method signature="test()[pri:0, instance:EndToEndScenario.sample@506ae4d4]" started-at="2023-03-02T14:34:25 IST" name="test" finished-at="2023-03-02T14:34:26 IST" duration-ms="948" status="PASS">
          <reporter-output>
          </reporter-output>
        </test-method> <!-- test -->
        <test-method is-config="true" signature="asConfig()[pri:0, instance:EndToEndScenario.sample@506ae4d4]" started-at="2023-03-02T14:34:26 IST" name="asConfig" finished-at="2023-03-02T14:34:26 IST" duration-ms="5" status="PASS">
          <reporter-output>
          </reporter-output>
        </test-method> <!-- asConfig -->
      </class> <!-- EndToEndScenario.sample -->
    </test> <!-- Default test -->
  </suite> <!-- Default suite -->
</testng-results>
